<?xml version="1.0" encoding="UTF-8"?>
<testsuite name="com.Test.TestMaximumProblem" tests="1" skipped="0" failures="0" errors="0" timestamp="2020-02-28T12:06:16" hostname="admin1-Lenovo-Product" time="0.0">
  <properties/>
  <testcase name="inGivenThree_String_ThirdString_IsMaximum" classname="com.Test.TestMaximumProblem" time="0.0"/>
  <system-out><![CDATA[]]></system-out>
  <system-err><![CDATA[]]></system-err>
</testsuite>
